AndroidStudioProjects/HostelConnect/app/build/intermediates/manifest_merge_blame_file/debug/processDebugMainManifest/manifest-merger-blame-debug-report.txt
1<?xml version="1.0" encoding="utf-8"?>
2<manifest xmlns:android="http://schemas.android.com/apk/res/android"
3    package="com.example.hostelconnect"
4    android:versionCode="1"
5    android:versionName="1.0" >
6
7    <uses-sdk
8        android:minSdkVersion="23"
9        android:targetSdkVersion="34" />
10
11    <!-- Permissions -->
12    <uses-permission android:name="android.permission.INTERNET" />
12-->src\main\AndroidManifest.xml:7:5-67
12-->src\main\AndroidManifest.xml:7:22-64
13    <uses-permission android:name="android.permission.ACCESS_NETWORK_STATE" />
13-->src\main\AndroidManifest.xml:8:5-79
13-->src\main\AndroidManifest.xml:8:22-76
14    <uses-permission android:name="android.permission.CALL_PHONE" />
14-->src\main\AndroidManifest.xml:9:5-69
14-->src\main\AndroidManifest.xml:9:22-66
15    <uses-permission android:name="android.permission.WAKE_LOCK" />
15-->src\main\AndroidManifest.xml:10:5-68
15-->src\main\AndroidManifest.xml:10:22-65
16    <uses-permission android:name="android.permission.RECEIVE_BOOT_COMPLETED" />
16-->src\main\AndroidManifest.xml:11:5-81
16-->src\main\AndroidManifest.xml:11:22-78
17    <uses-permission android:name="android.permission.SCHEDULE_EXACT_ALARM" />
17-->src\main\AndroidManifest.xml:12:5-79
17-->src\main\AndroidManifest.xml:12:22-76
18    <uses-permission android:name="android.permission.USE_EXACT_ALARM" />
18-->src\main\AndroidManifest.xml:13:5-74
18-->src\main\AndroidManifest.xml:13:22-71
19    <uses-permission android:name="android.permission.POST_NOTIFICATIONS" />
19-->src\main\AndroidManifest.xml:14:5-77
19-->src\main\AndroidManifest.xml:14:22-74
20    <uses-permission android:name="android.permission.ACCESS_FINE_LOCATION" />
20-->src\main\AndroidManifest.xml:15:5-79
20-->src\main\AndroidManifest.xml:15:22-76
21    <uses-permission android:name="android.permission.ACCESS_COARSE_LOCATION" />
21-->src\main\AndroidManifest.xml:16:5-81
21-->src\main\AndroidManifest.xml:16:22-78
22    <uses-permission android:name="android.permission.ACCESS_BACKGROUND_LOCATION" />
22-->src\main\AndroidManifest.xml:17:5-85
22-->src\main\AndroidManifest.xml:17:22-82
23    <uses-permission android:name="android.permission.POST_NOTIFICATIONS" />
23-->src\main\AndroidManifest.xml:14:5-77
23-->src\main\AndroidManifest.xml:14:22-74
24    <uses-permission android:name="android.permission.FOREGROUND_SERVICE" />
24-->[androidx.work:work-runtime:2.9.0] AndroidManifest.xml:26:5-77
24-->[androidx.work:work-runtime:2.9.0] AndroidManifest.xml:26:22-74
25
26    <permission
26-->[androidx.core:core:1.13.0] AndroidManifest.xml:22:5-24:47
27        android:name="com.example.hostelconnect.DYNAMIC_RECEIVER_NOT_EXPORTED_PERMISSION"
27-->[androidx.core:core:1.13.0] AndroidManifest.xml:23:9-81
28        android:protectionLevel="signature" />
28-->[androidx.core:core:1.13.0] AndroidManifest.xml:24:9-44
29
30    <uses-permission android:name="com.example.hostelconnect.DYNAMIC_RECEIVER_NOT_EXPORTED_PERMISSION" />
30-->[androidx.core:core:1.13.0] AndroidManifest.xml:26:5-97
30-->[androidx.core:core:1.13.0] AndroidManifest.xml:26:22-94
31    <uses-permission android:name="android.permission.CAMERA" /> <!-- Don't require camera, as this requires a rear camera. This allows it to work on the Nexus 7 -->
31-->[com.journeyapps:zxing-android-embedded:4.3.0] AndroidManifest.xml:22:5-65
31-->[com.journeyapps:zxing-android-embedded:4.3.0] AndroidManifest.xml:22:22-62
32    <uses-feature
32-->[com.journeyapps:zxing-android-embedded:4.3.0] AndroidManifest.xml:25:5-27:36
33        android:name="android.hardware.camera"
33-->[com.journeyapps:zxing-android-embedded:4.3.0] AndroidManifest.xml:26:9-47
34        android:required="false" />
34-->[com.journeyapps:zxing-android-embedded:4.3.0] AndroidManifest.xml:27:9-33
35    <uses-feature
35-->[com.journeyapps:zxing-android-embedded:4.3.0] AndroidManifest.xml:28:5-30:36
36        android:name="android.hardware.camera.front"
36-->[com.journeyapps:zxing-android-embedded:4.3.0] AndroidManifest.xml:29:9-53
37        android:required="false" /> <!-- TODO replace above two with next line after Android 4.2 -->
37-->[com.journeyapps:zxing-android-embedded:4.3.0] AndroidManifest.xml:30:9-33
38    <!-- <uses-feature android:name="android.hardware.camera.any"/> -->
39    <uses-feature
39-->[com.journeyapps:zxing-android-embedded:4.3.0] AndroidManifest.xml:33:5-35:36
40        android:name="android.hardware.camera.autofocus"
40-->[com.journeyapps:zxing-android-embedded:4.3.0] AndroidManifest.xml:34:9-57
41        android:required="false" />
41-->[com.journeyapps:zxing-android-embedded:4.3.0] AndroidManifest.xml:35:9-33
42    <uses-feature
42-->[com.journeyapps:zxing-android-embedded:4.3.0] AndroidManifest.xml:36:5-38:36
43        android:name="android.hardware.camera.flash"
43-->[com.journeyapps:zxing-android-embedded:4.3.0] AndroidManifest.xml:37:9-53
44        android:required="false" />
44-->[com.journeyapps:zxing-android-embedded:4.3.0] AndroidManifest.xml:38:9-33
45    <uses-feature
45-->[com.journeyapps:zxing-android-embedded:4.3.0] AndroidManifest.xml:39:5-41:36
46        android:name="android.hardware.screen.landscape"
46-->[com.journeyapps:zxing-android-embedded:4.3.0] AndroidManifest.xml:40:9-57
47        android:required="false" />
47-->[com.journeyapps:zxing-android-embedded:4.3.0] AndroidManifest.xml:41:9-33
48    <uses-feature
48-->[com.journeyapps:zxing-android-embedded:4.3.0] AndroidManifest.xml:42:5-44:36
49        android:name="android.hardware.wifi"
49-->[com.journeyapps:zxing-android-embedded:4.3.0] AndroidManifest.xml:43:9-45
50        android:required="false" />
50-->[com.journeyapps:zxing-android-embedded:4.3.0] AndroidManifest.xml:44:9-33
51
52    <application
52-->src\main\AndroidManifest.xml:21:5-109:19
53        android:allowBackup="true"
53-->src\main\AndroidManifest.xml:22:9-35
54        android:appComponentFactory="androidx.core.app.CoreComponentFactory"
54-->[androidx.core:core:1.13.0] AndroidManifest.xml:28:18-86
55        android:dataExtractionRules="@xml/data_extraction_rules"
55-->src\main\AndroidManifest.xml:23:9-65
56        android:debuggable="true"
57        android:extractNativeLibs="false"
58        android:fullBackupContent="@xml/backup_rules"
58-->src\main\AndroidManifest.xml:24:9-54
59        android:icon="@mipmap/ic_launcher"
59-->src\main\AndroidManifest.xml:25:9-43
60        android:label="@string/app_name"
60-->src\main\AndroidManifest.xml:26:9-41
61        android:roundIcon="@mipmap/ic_launcher_round"
61-->src\main\AndroidManifest.xml:27:9-54
62        android:supportsRtl="true"
62-->src\main\AndroidManifest.xml:28:9-35
63        android:testOnly="true"
64        android:theme="@style/Theme.HostelConnect" >
64-->src\main\AndroidManifest.xml:29:9-51
65
66        <!-- ================= MAIN / LAUNCHER ================= -->
67        <activity
67-->src\main\AndroidManifest.xml:33:9-40:20
68            android:name="com.example.hostelconnect.MainActivity"
68-->src\main\AndroidManifest.xml:34:13-41
69            android:exported="true" >
69-->src\main\AndroidManifest.xml:35:13-36
70            <intent-filter>
70-->src\main\AndroidManifest.xml:36:13-39:29
71                <action android:name="android.intent.action.MAIN" />
71-->src\main\AndroidManifest.xml:37:17-69
71-->src\main\AndroidManifest.xml:37:25-66
72
73                <category android:name="android.intent.category.LAUNCHER" />
73-->src\main\AndroidManifest.xml:38:17-77
73-->src\main\AndroidManifest.xml:38:27-74
74            </intent-filter>
75        </activity>
76
77        <!-- ================= LOGIN ACTIVITIES ================= -->
78        <activity android:name="com.example.hostelconnect.HostellerLoginActivity" />
78-->src\main\AndroidManifest.xml:43:9-60
78-->src\main\AndroidManifest.xml:43:19-57
79        <activity android:name="com.example.hostelconnect.OwnerLogin" />
79-->src\main\AndroidManifest.xml:44:9-48
79-->src\main\AndroidManifest.xml:44:19-45
80        <activity android:name="com.example.hostelconnect.SecurityLogin" />
80-->src\main\AndroidManifest.xml:45:9-51
80-->src\main\AndroidManifest.xml:45:19-48
81
82        <!-- ================= SIGNUP ACTIVITIES ================= -->
83        <activity android:name="com.example.hostelconnect.HostellerSignUpActivity" />
83-->src\main\AndroidManifest.xml:48:9-61
83-->src\main\AndroidManifest.xml:48:19-58
84        <activity android:name="com.example.hostelconnect.OwnerSignup" />
84-->src\main\AndroidManifest.xml:49:9-49
84-->src\main\AndroidManifest.xml:49:19-46
85        <activity android:name="com.example.hostelconnect.SecuritySignup" />
85-->src\main\AndroidManifest.xml:50:9-52
85-->src\main\AndroidManifest.xml:50:19-49
86
87        <!-- ================= DASHBOARDS ================= -->
88        <activity android:name="com.example.hostelconnect.HostellerDashboard" />
88-->src\main\AndroidManifest.xml:53:9-56
88-->src\main\AndroidManifest.xml:53:19-53
89        <activity android:name="com.example.hostelconnect.OwnerDashboard" />
89-->src\main\AndroidManifest.xml:54:9-52
89-->src\main\AndroidManifest.xml:54:19-49
90        <activity android:name="com.example.hostelconnect.SecurityDashboard" />
90-->src\main\AndroidManifest.xml:55:9-55
90-->src\main\AndroidManifest.xml:55:19-52
91        <activity android:name="com.example.hostelconnect.OwnerHostellersActivity" />
91-->src\main\AndroidManifest.xml:57:9-61
91-->src\main\AndroidManifest.xml:57:19-58
92        <activity android:name="com.example.hostelconnect.OwnerAttendanceActivity" />
92-->src\main\AndroidManifest.xml:58:9-61
92-->src\main\AndroidManifest.xml:58:19-58
93        <activity android:name="com.example.hostelconnect.OwnerPaymentsActivity" />
93-->src\main\AndroidManifest.xml:59:9-59
93-->src\main\AndroidManifest.xml:59:19-56
94        <activity android:name="com.example.hostelconnect.OwnerComplaintsActivity" />
94-->src\main\AndroidManifest.xml:60:9-61
94-->src\main\AndroidManifest.xml:60:19-58
95        <activity android:name="com.example.hostelconnect.OwnerVisitorsActivity" />
95-->src\main\AndroidManifest.xml:61:9-59
95-->src\main\AndroidManifest.xml:61:19-56
96        <activity android:name="com.example.hostelconnect.OwnerMaintenanceActivity" />
96-->src\main\AndroidManifest.xml:62:9-62
96-->src\main\AndroidManifest.xml:62:19-59
97        <activity android:name="com.example.hostelconnect.OwnerLeaveRequestsActivity" />
97-->src\main\AndroidManifest.xml:63:9-64
97-->src\main\AndroidManifest.xml:63:19-61
98        <activity android:name="com.example.hostelconnect.OwnerFeedbacksActivity" />
98-->src\main\AndroidManifest.xml:64:9-60
98-->src\main\AndroidManifest.xml:64:19-57
99        <activity android:name="com.example.hostelconnect.OwnerNoticesActivity" />
99-->src\main\AndroidManifest.xml:65:9-58
99-->src\main\AndroidManifest.xml:65:19-55
100
101        <!-- ================= HOSTELLER FEATURES ================= -->
102        <activity android:name="com.example.hostelconnect.AttendaceActivity" />
102-->src\main\AndroidManifest.xml:69:9-55
102-->src\main\AndroidManifest.xml:69:19-52
103        <activity android:name="com.example.hostelconnect.AttendanceMarkActivity" />
103-->src\main\AndroidManifest.xml:70:9-60
103-->src\main\AndroidManifest.xml:70:19-57
104        <activity android:name="com.example.hostelconnect.EmergencyContactActivity" />
104-->src\main\AndroidManifest.xml:71:9-62
104-->src\main\AndroidManifest.xml:71:19-59
105        <activity android:name="com.example.hostelconnect.LaundryServiceActivity" />
105-->src\main\AndroidManifest.xml:72:9-60
105-->src\main\AndroidManifest.xml:72:19-57
106        <activity android:name="com.example.hostelconnect.MessMenuActivity" />
106-->src\main\AndroidManifest.xml:73:9-54
106-->src\main\AndroidManifest.xml:73:19-51
107        <activity android:name="com.example.hostelconnect.NoticesActivity" />
107-->src\main\AndroidManifest.xml:74:9-53
107-->src\main\AndroidManifest.xml:74:19-50
108        <activity android:name="com.example.hostelconnect.RulesActivity" />
108-->src\main\AndroidManifest.xml:75:9-51
108-->src\main\AndroidManifest.xml:75:19-48
109        <activity android:name="com.example.hostelconnect.PaymentActivity" />
109-->src\main\AndroidManifest.xml:76:9-53
109-->src\main\AndroidManifest.xml:76:19-50
110        <activity android:name="com.example.hostelconnect.FeedBackActivity" />
110-->src\main\AndroidManifest.xml:77:9-54
110-->src\main\AndroidManifest.xml:77:19-51
111        <activity android:name="com.example.hostelconnect.ProfileActivity" />
111-->src\main\AndroidManifest.xml:78:9-53
111-->src\main\AndroidManifest.xml:78:19-50
112        <activity android:name="com.example.hostelconnect.EditProfileActivity" />
112-->src\main\AndroidManifest.xml:79:9-57
112-->src\main\AndroidManifest.xml:79:19-54
113        <activity android:name="com.example.hostelconnect.LeaveRequestAdapter" />
113-->src\main\AndroidManifest.xml:80:9-81:45
113-->src\main\AndroidManifest.xml:80:19-54
114        <activity
114-->src\main\AndroidManifest.xml:82:9-84:40
115            android:name="com.example.hostelconnect.LeaveRequestActivity"
115-->src\main\AndroidManifest.xml:83:13-49
116            android:exported="false" />
116-->src\main\AndroidManifest.xml:84:13-37
117
118        <!-- ================= QR MODULE ================= -->
119        <activity android:name="com.example.hostelconnect.QRCodeGenerator" />
119-->src\main\AndroidManifest.xml:88:9-53
119-->src\main\AndroidManifest.xml:88:19-50
120        <activity android:name="com.example.hostelconnect.QRScannerActivity" />
120-->src\main\AndroidManifest.xml:89:9-55
120-->src\main\AndroidManifest.xml:89:19-52
121        <activity android:name="com.example.hostelconnect.QRDisplayActivity" />
121-->src\main\AndroidManifest.xml:90:9-55
121-->src\main\AndroidManifest.xml:90:19-52
122
123        <!-- ================= SECURITY / VISITOR ================= -->
124        <activity android:name="com.example.hostelconnect.VisitorManagementActivity" />
124-->src\main\AndroidManifest.xml:93:9-63
124-->src\main\AndroidManifest.xml:93:19-60
125
126        <!-- ================= OWNER ================= -->
127        <activity android:name="com.example.hostelconnect.ComplaintsActivity" />
127-->src\main\AndroidManifest.xml:96:9-56
127-->src\main\AndroidManifest.xml:96:19-53
128
129        <!-- ================= RECEIVER ================= -->
130        <receiver
130-->src\main\AndroidManifest.xml:99:9-107:20
131            android:name="com.example.hostelconnect.AttendanceCheckReceiver"
131-->src\main\AndroidManifest.xml:100:13-52
132            android:enabled="true"
132-->src\main\AndroidManifest.xml:101:13-35
133            android:exported="false" >
133-->src\main\AndroidManifest.xml:102:13-37
134            <intent-filter>
134-->src\main\AndroidManifest.xml:103:13-106:29
135                <action android:name="android.intent.action.BOOT_COMPLETED" />
135-->src\main\AndroidManifest.xml:104:17-79
135-->src\main\AndroidManifest.xml:104:25-76
136                <action android:name="com.example.hostelconnect.ATTENDANCE_CHECK" />
136-->src\main\AndroidManifest.xml:105:17-85
136-->src\main\AndroidManifest.xml:105:25-82
137            </intent-filter>
138        </receiver>
139
140        <activity
140-->[com.google.android.gms:play-services-base:18.1.0] AndroidManifest.xml:20:9-22:45
141            android:name="com.google.android.gms.common.api.GoogleApiActivity"
141-->[com.google.android.gms:play-services-base:18.1.0] AndroidManifest.xml:20:19-85
142            android:exported="false"
142-->[com.google.android.gms:play-services-base:18.1.0] AndroidManifest.xml:22:19-43
143            android:theme="@android:style/Theme.Translucent.NoTitleBar" />
143-->[com.google.android.gms:play-services-base:18.1.0] AndroidManifest.xml:21:19-78
144
145        <service
145-->[com.google.firebase:firebase-inappmessaging:22.0.2] AndroidManifest.xml:11:9-20:19
146            android:name="com.google.firebase.components.ComponentDiscoveryService"
146-->[com.google.firebase:firebase-inappmessaging:22.0.2] AndroidManifest.xml:12:13-84
147            android:directBootAware="true"
147-->[com.google.firebase:firebase-common:22.0.1] AndroidManifest.xml:32:13-43
148            android:exported="false" >
148-->[com.google.firebase:firebase-inappmessaging:22.0.2] AndroidManifest.xml:13:13-37
149            <meta-data
149-->[com.google.firebase:firebase-inappmessaging:22.0.2] AndroidManifest.xml:14:13-16:85
150                android:name="com.google.firebase.components:com.google.firebase.inappmessaging.FirebaseInAppMessagingKtxRegistrar"
150-->[com.google.firebase:firebase-inappmessaging:22.0.2] AndroidManifest.xml:15:17-132
151                android:value="com.google.firebase.components.ComponentRegistrar" />
151-->[com.google.firebase:firebase-inappmessaging:22.0.2] AndroidManifest.xml:16:17-82
152            <meta-data
152-->[com.google.firebase:firebase-inappmessaging:22.0.2] AndroidManifest.xml:17:13-19:85
153                android:name="com.google.firebase.components:com.google.firebase.inappmessaging.FirebaseInAppMessagingRegistrar"
153-->[com.google.firebase:firebase-inappmessaging:22.0.2] AndroidManifest.xml:18:17-129
154                android:value="com.google.firebase.components.ComponentRegistrar" />
154-->[com.google.firebase:firebase-inappmessaging:22.0.2] AndroidManifest.xml:19:17-82
155            <meta-data
155-->[com.google.firebase:firebase-installations:18.0.0] AndroidManifest.xml:15:13-17:85
156                android:name="com.google.firebase.components:com.google.firebase.installations.FirebaseInstallationsKtxRegistrar"
156-->[com.google.firebase:firebase-installations:18.0.0] AndroidManifest.xml:16:17-130
157                android:value="com.google.firebase.components.ComponentRegistrar" />
157-->[com.google.firebase:firebase-installations:18.0.0] AndroidManifest.xml:17:17-82
158            <meta-data
158-->[com.google.firebase:firebase-installations:18.0.0] AndroidManifest.xml:18:13-20:85
159                android:name="com.google.firebase.components:com.google.firebase.installations.FirebaseInstallationsRegistrar"
159-->[com.google.firebase:firebase-installations:18.0.0] AndroidManifest.xml:19:17-127
160                android:value="com.google.firebase.components.ComponentRegistrar" />
160-->[com.google.firebase:firebase-installations:18.0.0] AndroidManifest.xml:20:17-82
161            <meta-data
161-->[com.google.firebase:firebase-common:22.0.1] AndroidManifest.xml:35:13-37:85
162                android:name="com.google.firebase.components:com.google.firebase.FirebaseCommonKtxRegistrar"
162-->[com.google.firebase:firebase-common:22.0.1] AndroidManifest.xml:36:17-109
163                android:value="com.google.firebase.components.ComponentRegistrar" />
163-->[com.google.firebase:firebase-common:22.0.1] AndroidManifest.xml:37:17-82
164            <meta-data
164-->[com.google.firebase:firebase-abt:21.1.1] AndroidManifest.xml:12:13-14:85
165                android:name="com.google.firebase.components:com.google.firebase.abt.component.AbtRegistrar"
165-->[com.google.firebase:firebase-abt:21.1.1] AndroidManifest.xml:13:17-109
166                android:value="com.google.firebase.components.ComponentRegistrar" />
166-->[com.google.firebase:firebase-abt:21.1.1] AndroidManifest.xml:14:17-82
167            <meta-data
167-->[com.google.firebase:firebase-datatransport:18.2.0] AndroidManifest.xml:25:13-27:85
168                android:name="com.google.firebase.components:com.google.firebase.datatransport.TransportRegistrar"
168-->[com.google.firebase:firebase-datatransport:18.2.0] AndroidManifest.xml:26:17-115
169                android:value="com.google.firebase.components.ComponentRegistrar" />
169-->[com.google.firebase:firebase-datatransport:18.2.0] AndroidManifest.xml:27:17-82
170        </service>
171
172        <provider
172-->[com.google.firebase:firebase-common:22.0.1] AndroidManifest.xml:23:9-28:39
173            android:name="com.google.firebase.provider.FirebaseInitProvider"
173-->[com.google.firebase:firebase-common:22.0.1] AndroidManifest.xml:24:13-77
174            android:authorities="com.example.hostelconnect.firebaseinitprovider"
174-->[com.google.firebase:firebase-common:22.0.1] AndroidManifest.xml:25:13-72
175            android:directBootAware="true"
175-->[com.google.firebase:firebase-common:22.0.1] AndroidManifest.xml:26:13-43
176            android:exported="false"
176-->[com.google.firebase:firebase-common:22.0.1] AndroidManifest.xml:27:13-37
177            android:initOrder="100" />
177-->[com.google.firebase:firebase-common:22.0.1] AndroidManifest.xml:28:13-36
178        <provider
178-->[androidx.work:work-runtime:2.9.0] AndroidManifest.xml:29:9-37:20
179            android:name="androidx.startup.InitializationProvider"
179-->[androidx.work:work-runtime:2.9.0] AndroidManifest.xml:30:13-67
180            android:authorities="com.example.hostelconnect.androidx-startup"
180-->[androidx.work:work-runtime:2.9.0] AndroidManifest.xml:31:13-68
181            android:exported="false" >
181-->[androidx.work:work-runtime:2.9.0] AndroidManifest.xml:32:13-37
182            <meta-data
182-->[androidx.work:work-runtime:2.9.0] AndroidManifest.xml:34:13-36:52
183                android:name="androidx.work.WorkManagerInitializer"
183-->[androidx.work:work-runtime:2.9.0] AndroidManifest.xml:35:17-68
184                android:value="androidx.startup" />
184-->[androidx.work:work-runtime:2.9.0] AndroidManifest.xml:36:17-49
185            <meta-data
185-->[androidx.emoji2:emoji2:1.2.0] AndroidManifest.xml:29:13-31:52
186                android:name="androidx.emoji2.text.EmojiCompatInitializer"
186-->[androidx.emoji2:emoji2:1.2.0] AndroidManifest.xml:30:17-75
187                android:value="androidx.startup" />
187-->[androidx.emoji2:emoji2:1.2.0] AndroidManifest.xml:31:17-49
188            <meta-data
188-->[androidx.lifecycle:lifecycle-process:2.6.2] AndroidManifest.xml:29:13-31:52
189                android:name="androidx.lifecycle.ProcessLifecycleInitializer"
189-->[androidx.lifecycle:lifecycle-process:2.6.2] AndroidManifest.xml:30:17-78
190                android:value="androidx.startup" />
190-->[androidx.lifecycle:lifecycle-process:2.6.2] AndroidManifest.xml:31:17-49
191            <meta-data
191-->[androidx.profileinstaller:profileinstaller:1.3.1] AndroidManifest.xml:29:13-31:52
192                android:name="androidx.profileinstaller.ProfileInstallerInitializer"
192-->[androidx.profileinstaller:profileinstaller:1.3.1] AndroidManifest.xml:30:17-85
193                android:value="androidx.startup" />
193-->[androidx.profileinstaller:profileinstaller:1.3.1] AndroidManifest.xml:31:17-49
194        </provider>
195
196        <service
196-->[androidx.work:work-runtime:2.9.0] AndroidManifest.xml:39:9-45:35
197            android:name="androidx.work.impl.background.systemalarm.SystemAlarmService"
197-->[androidx.work:work-runtime:2.9.0] AndroidManifest.xml:40:13-88
198            android:directBootAware="false"
198-->[androidx.work:work-runtime:2.9.0] AndroidManifest.xml:41:13-44
199            android:enabled="@bool/enable_system_alarm_service_default"
199-->[androidx.work:work-runtime:2.9.0] AndroidManifest.xml:42:13-72
200            android:exported="false" />
200-->[androidx.work:work-runtime:2.9.0] AndroidManifest.xml:43:13-37
201        <service
201-->[androidx.work:work-runtime:2.9.0] AndroidManifest.xml:46:9-52:35
202            android:name="androidx.work.impl.background.systemjob.SystemJobService"
202-->[androidx.work:work-runtime:2.9.0] AndroidManifest.xml:47:13-84
203            android:directBootAware="false"
203-->[androidx.work:work-runtime:2.9.0] AndroidManifest.xml:48:13-44
204            android:enabled="@bool/enable_system_job_service_default"
204-->[androidx.work:work-runtime:2.9.0] AndroidManifest.xml:49:13-70
205            android:exported="true"
205-->[androidx.work:work-runtime:2.9.0] AndroidManifest.xml:50:13-36
206            android:permission="android.permission.BIND_JOB_SERVICE" />
206-->[androidx.work:work-runtime:2.9.0] AndroidManifest.xml:51:13-69
207        <service
207-->[androidx.work:work-runtime:2.9.0] AndroidManifest.xml:53:9-59:35
208            android:name="androidx.work.impl.foreground.SystemForegroundService"
208-->[androidx.work:work-runtime:2.9.0] AndroidManifest.xml:54:13-81
209            android:directBootAware="false"
209-->[androidx.work:work-runtime:2.9.0] AndroidManifest.xml:55:13-44
210            android:enabled="@bool/enable_system_foreground_service_default"
210-->[androidx.work:work-runtime:2.9.0] AndroidManifest.xml:56:13-77
211            android:exported="false" />
211-->[androidx.work:work-runtime:2.9.0] AndroidManifest.xml:57:13-37
212
213        <receiver
213-->[androidx.work:work-runtime:2.9.0] AndroidManifest.xml:61:9-66:35
214            android:name="androidx.work.impl.utils.ForceStopRunnable$BroadcastReceiver"
214-->[androidx.work:work-runtime:2.9.0] AndroidManifest.xml:62:13-88
215            android:directBootAware="false"
215-->[androidx.work:work-runtime:2.9.0] AndroidManifest.xml:63:13-44
216            android:enabled="true"
216-->[androidx.work:work-runtime:2.9.0] AndroidManifest.xml:64:13-35
217            android:exported="false" />
217-->[androidx.work:work-runtime:2.9.0] AndroidManifest.xml:65:13-37
218        <receiver
218-->[androidx.work:work-runtime:2.9.0] AndroidManifest.xml:67:9-77:20
219            android:name="androidx.work.impl.background.systemalarm.ConstraintProxy$BatteryChargingProxy"
219-->[androidx.work:work-runtime:2.9.0] AndroidManifest.xml:68:13-106
220            android:directBootAware="false"
220-->[androidx.work:work-runtime:2.9.0] AndroidManifest.xml:69:13-44
221            android:enabled="false"
221-->[androidx.work:work-runtime:2.9.0] AndroidManifest.xml:70:13-36
222            android:exported="false" >
222-->[androidx.work:work-runtime:2.9.0] AndroidManifest.xml:71:13-37
223            <intent-filter>
223-->[androidx.work:work-runtime:2.9.0] AndroidManifest.xml:73:13-76:29
224                <action android:name="android.intent.action.ACTION_POWER_CONNECTED" />
224-->[androidx.work:work-runtime:2.9.0] AndroidManifest.xml:74:17-87
224-->[androidx.work:work-runtime:2.9.0] AndroidManifest.xml:74:25-84
225                <action android:name="android.intent.action.ACTION_POWER_DISCONNECTED" />
225-->[androidx.work:work-runtime:2.9.0] AndroidManifest.xml:75:17-90
225-->[androidx.work:work-runtime:2.9.0] AndroidManifest.xml:75:25-87
226            </intent-filter>
227        </receiver>
228        <receiver
228-->[androidx.work:work-runtime:2.9.0] AndroidManifest.xml:78:9-88:20
229            android:name="androidx.work.impl.background.systemalarm.ConstraintProxy$BatteryNotLowProxy"
229-->[androidx.work:work-runtime:2.9.0] AndroidManifest.xml:79:13-104
230            android:directBootAware="false"
230-->[androidx.work:work-runtime:2.9.0] AndroidManifest.xml:80:13-44
231            android:enabled="false"
231-->[androidx.work:work-runtime:2.9.0] AndroidManifest.xml:81:13-36
232            android:exported="false" >
232-->[androidx.work:work-runtime:2.9.0] AndroidManifest.xml:82:13-37
233            <intent-filter>
233-->[androidx.work:work-runtime:2.9.0] AndroidManifest.xml:84:13-87:29
234                <action android:name="android.intent.action.BATTERY_OKAY" />
234-->[androidx.work:work-runtime:2.9.0] AndroidManifest.xml:85:17-77
234-->[androidx.work:work-runtime:2.9.0] AndroidManifest.xml:85:25-74
235                <action android:name="android.intent.action.BATTERY_LOW" />
235-->[androidx.work:work-runtime:2.9.0] AndroidManifest.xml:86:17-76
235-->[androidx.work:work-runtime:2.9.0] AndroidManifest.xml:86:25-73
236            </intent-filter>
237        </receiver>
238        <receiver
238-->[androidx.work:work-runtime:2.9.0] AndroidManifest.xml:89:9-99:20
239            android:name="androidx.work.impl.background.systemalarm.ConstraintProxy$StorageNotLowProxy"
239-->[androidx.work:work-runtime:2.9.0] AndroidManifest.xml:90:13-104
240            android:directBootAware="false"
240-->[androidx.work:work-runtime:2.9.0] AndroidManifest.xml:91:13-44
241            android:enabled="false"
241-->[androidx.work:work-runtime:2.9.0] AndroidManifest.xml:92:13-36
242            android:exported="false" >
242-->[androidx.work:work-runtime:2.9.0] AndroidManifest.xml:93:13-37
243            <intent-filter>
243-->[androidx.work:work-runtime:2.9.0] AndroidManifest.xml:95:13-98:29
244                <action android:name="android.intent.action.DEVICE_STORAGE_LOW" />
244-->[androidx.work:work-runtime:2.9.0] AndroidManifest.xml:96:17-83
244-->[androidx.work:work-runtime:2.9.0] AndroidManifest.xml:96:25-80
245                <action android:name="android.intent.action.DEVICE_STORAGE_OK" />
245-->[androidx.work:work-runtime:2.9.0] AndroidManifest.xml:97:17-82
245-->[androidx.work:work-runtime:2.9.0] AndroidManifest.xml:97:25-79
246            </intent-filter>
247        </receiver>
248        <receiver
248-->[androidx.work:work-runtime:2.9.0] AndroidManifest.xml:100:9-109:20
249            android:name="androidx.work.impl.background.systemalarm.ConstraintProxy$NetworkStateProxy"
249-->[androidx.work:work-runtime:2.9.0] AndroidManifest.xml:101:13-103
250            android:directBootAware="false"
250-->[androidx.work:work-runtime:2.9.0] AndroidManifest.xml:102:13-44
251            android:enabled="false"
251-->[androidx.work:work-runtime:2.9.0] AndroidManifest.xml:103:13-36
252            android:exported="false" >
252-->[androidx.work:work-runtime:2.9.0] AndroidManifest.xml:104:13-37
253            <intent-filter>
253-->[androidx.work:work-runtime:2.9.0] AndroidManifest.xml:106:13-108:29
254                <action android:name="android.net.conn.CONNECTIVITY_CHANGE" />
254-->[androidx.work:work-runtime:2.9.0] AndroidManifest.xml:107:17-79
254-->[androidx.work:work-runtime:2.9.0] AndroidManifest.xml:107:25-76
255            </intent-filter>
256        </receiver>
257        <receiver